{"/Users/viktoriiachebotar/SashaProjects/online-shop/src/actions/cart.ts": {"path":"/Users/viktoriiachebotar/SashaProjects/online-shop/src/actions/cart.ts","statementMap":{"0":{"start":{"line":1,"column":0},"end":{"line":1,"column":42}},"1":{"start":{"line":24,"column":13},"end":{"line":27,"column":3}},"2":{"start":{"line":24,"column":72},"end":{"line":27,"column":3}},"3":{"start":{"line":29,"column":13},"end":{"line":32,"column":3}},"4":{"start":{"line":29,"column":76},"end":{"line":32,"column":3}},"5":{"start":{"line":34,"column":13},"end":{"line":37,"column":3}},"6":{"start":{"line":34,"column":76},"end":{"line":37,"column":3}},"7":{"start":{"line":39,"column":13},"end":{"line":42,"column":3}},"8":{"start":{"line":39,"column":64},"end":{"line":42,"column":3}}},"fnMap":{"0":{"name":"(anonymous_0)","decl":{"start":{"line":24,"column":34},"end":{"line":24,"column":35}},"loc":{"start":{"line":24,"column":49},"end":{"line":24,"column":73}}},"1":{"name":"(anonymous_1)","decl":{"start":{"line":29,"column":30},"end":{"line":29,"column":31}},"loc":{"start":{"line":29,"column":45},"end":{"line":29,"column":77}}},"2":{"name":"(anonymous_2)","decl":{"start":{"line":34,"column":30},"end":{"line":34,"column":31}},"loc":{"start":{"line":34,"column":45},"end":{"line":34,"column":77}}},"3":{"name":"(anonymous_3)","decl":{"start":{"line":39,"column":29},"end":{"line":39,"column":30}},"loc":{"start":{"line":39,"column":44},"end":{"line":39,"column":65}}}},"branchMap":{},"s":{"0":2,"1":2,"2":1,"3":2,"4":1,"5":2,"6":1,"7":2,"8":1},"f":{"0":1,"1":1,"2":1,"3":1},"b":{}}
,"/Users/viktoriiachebotar/SashaProjects/online-shop/src/actions/constants.ts": {"path":"/Users/viktoriiachebotar/SashaProjects/online-shop/src/actions/constants.ts","statementMap":{"0":{"start":{"line":1,"column":0},"end":{"line":1,"column":null}},"1":{"start":{"line":3,"column":2},"end":{"line":3,"column":null}},"2":{"start":{"line":4,"column":2},"end":{"line":4,"column":null}},"3":{"start":{"line":5,"column":2},"end":{"line":5,"column":null}},"4":{"start":{"line":6,"column":2},"end":{"line":6,"column":null}},"5":{"start":{"line":8,"column":2},"end":{"line":8,"column":null}},"6":{"start":{"line":9,"column":2},"end":{"line":9,"column":null}},"7":{"start":{"line":10,"column":2},"end":{"line":10,"column":null}},"8":{"start":{"line":11,"column":2},"end":{"line":11,"column":null}},"9":{"start":{"line":13,"column":2},"end":{"line":13,"column":null}},"10":{"start":{"line":14,"column":2},"end":{"line":14,"column":null}},"11":{"start":{"line":15,"column":2},"end":{"line":15,"column":null}},"12":{"start":{"line":16,"column":2},"end":{"line":16,"column":null}},"13":{"start":{"line":18,"column":2},"end":{"line":18,"column":null}},"14":{"start":{"line":19,"column":2},"end":{"line":19,"column":null}}},"fnMap":{"0":{"name":"(anonymous_0)","decl":{"start":{"line":1,"column":0},"end":{"line":1,"column":12}},"loc":{"start":{"line":1,"column":23},"end":{"line":20,"column":1}}}},"branchMap":{"0":{"loc":{"start":{"line":1,"column":12},"end":{"line":1,"column":23}},"type":"binary-expr","locations":[{"start":{"line":1,"column":12},"end":{"line":1,"column":23}},{"start":{"line":1,"column":12},"end":{"line":1,"column":null}}]}},"s":{"0":6,"1":6,"2":6,"3":6,"4":6,"5":6,"6":6,"7":6,"8":6,"9":6,"10":6,"11":6,"12":6,"13":6,"14":6},"f":{"0":6},"b":{"0":[6,6]}}
,"/Users/viktoriiachebotar/SashaProjects/online-shop/src/actions/details.ts": {"path":"/Users/viktoriiachebotar/SashaProjects/online-shop/src/actions/details.ts","statementMap":{"0":{"start":{"line":1,"column":0},"end":{"line":1,"column":42}},"1":{"start":{"line":4,"column":0},"end":{"line":4,"column":35}},"2":{"start":{"line":34,"column":13},"end":{"line":40,"column":null}},"3":{"start":{"line":35,"column":2},"end":{"line":39,"column":null}},"4":{"start":{"line":36,"column":4},"end":{"line":38,"column":54}},"5":{"start":{"line":37,"column":19},"end":{"line":37,"column":68}},"6":{"start":{"line":38,"column":20},"end":{"line":38,"column":53}},"7":{"start":{"line":42,"column":13},"end":{"line":49,"column":3}},"8":{"start":{"line":42,"column":115},"end":{"line":49,"column":3}},"9":{"start":{"line":45,"column":41},"end":{"line":45,"column":59}},"10":{"start":{"line":51,"column":13},"end":{"line":57,"column":null}},"11":{"start":{"line":51,"column":78},"end":{"line":57,"column":null}},"12":{"start":{"line":59,"column":13},"end":{"line":62,"column":3}},"13":{"start":{"line":59,"column":63},"end":{"line":62,"column":3}}},"fnMap":{"0":{"name":"(anonymous_0)","decl":{"start":{"line":34,"column":39},"end":{"line":34,"column":40}},"loc":{"start":{"line":34,"column":71},"end":{"line":40,"column":1}}},"1":{"name":"(anonymous_1)","decl":{"start":{"line":35,"column":9},"end":{"line":35,"column":10}},"loc":{"start":{"line":35,"column":44},"end":{"line":39,"column":3}}},"2":{"name":"(anonymous_2)","decl":{"start":{"line":37,"column":12},"end":{"line":37,"column":15}},"loc":{"start":{"line":37,"column":15},"end":{"line":37,"column":27}}},"3":{"name":"(anonymous_3)","decl":{"start":{"line":38,"column":13},"end":{"line":38,"column":16}},"loc":{"start":{"line":38,"column":16},"end":{"line":38,"column":28}}},"4":{"name":"(anonymous_4)","decl":{"start":{"line":42,"column":35},"end":{"line":42,"column":36}},"loc":{"start":{"line":42,"column":81},"end":{"line":42,"column":116}}},"5":{"name":"(anonymous_5)","decl":{"start":{"line":45,"column":30},"end":{"line":45,"column":37}},"loc":{"start":{"line":45,"column":37},"end":{"line":45,"column":48}}},"6":{"name":"(anonymous_6)","decl":{"start":{"line":51,"column":33},"end":{"line":51,"column":34}},"loc":{"start":{"line":51,"column":46},"end":{"line":51,"column":79}}},"7":{"name":"(anonymous_7)","decl":{"start":{"line":59,"column":36},"end":{"line":59,"column":63}},"loc":{"start":{"line":59,"column":36},"end":{"line":59,"column":64}}}},"branchMap":{},"s":{"0":1,"1":1,"2":1,"3":2,"4":2,"5":1,"6":1,"7":1,"8":1,"9":10,"10":1,"11":1,"12":1,"13":1},"f":{"0":2,"1":2,"2":1,"3":1,"4":1,"5":10,"6":1,"7":1},"b":{}}
,"/Users/viktoriiachebotar/SashaProjects/online-shop/src/actions/products.ts": {"path":"/Users/viktoriiachebotar/SashaProjects/online-shop/src/actions/products.ts","statementMap":{"0":{"start":{"line":3,"column":0},"end":{"line":3,"column":42}},"1":{"start":{"line":5,"column":0},"end":{"line":5,"column":35}},"2":{"start":{"line":33,"column":13},"end":{"line":39,"column":null}},"3":{"start":{"line":34,"column":2},"end":{"line":38,"column":null}},"4":{"start":{"line":35,"column":4},"end":{"line":37,"column":55}},"5":{"start":{"line":36,"column":19},"end":{"line":36,"column":51}},"6":{"start":{"line":37,"column":22},"end":{"line":37,"column":54}},"7":{"start":{"line":41,"column":13},"end":{"line":47,"column":3}},"8":{"start":{"line":41,"column":73},"end":{"line":47,"column":3}},"9":{"start":{"line":49,"column":13},"end":{"line":55,"column":3}},"10":{"start":{"line":49,"column":77},"end":{"line":55,"column":3}},"11":{"start":{"line":57,"column":13},"end":{"line":63,"column":3}},"12":{"start":{"line":57,"column":93},"end":{"line":63,"column":3}},"13":{"start":{"line":65,"column":13},"end":{"line":71,"column":3}},"14":{"start":{"line":65,"column":93},"end":{"line":71,"column":3}}},"fnMap":{"0":{"name":"(anonymous_0)","decl":{"start":{"line":33,"column":25},"end":{"line":33,"column":null}},"loc":{"start":{"line":33,"column":25},"end":{"line":39,"column":1}}},"1":{"name":"(anonymous_1)","decl":{"start":{"line":34,"column":9},"end":{"line":34,"column":10}},"loc":{"start":{"line":34,"column":44},"end":{"line":38,"column":3}}},"2":{"name":"(anonymous_2)","decl":{"start":{"line":36,"column":12},"end":{"line":36,"column":15}},"loc":{"start":{"line":36,"column":15},"end":{"line":36,"column":27}}},"3":{"name":"(anonymous_3)","decl":{"start":{"line":37,"column":13},"end":{"line":37,"column":18}},"loc":{"start":{"line":37,"column":18},"end":{"line":37,"column":30}}},"4":{"name":"(anonymous_4)","decl":{"start":{"line":41,"column":32},"end":{"line":41,"column":33}},"loc":{"start":{"line":41,"column":48},"end":{"line":41,"column":74}}},"5":{"name":"(anonymous_5)","decl":{"start":{"line":49,"column":30},"end":{"line":49,"column":31}},"loc":{"start":{"line":49,"column":43},"end":{"line":49,"column":78}}},"6":{"name":"(anonymous_6)","decl":{"start":{"line":57,"column":37},"end":{"line":57,"column":38}},"loc":{"start":{"line":57,"column":68},"end":{"line":57,"column":94}}},"7":{"name":"(anonymous_7)","decl":{"start":{"line":65,"column":37},"end":{"line":65,"column":38}},"loc":{"start":{"line":65,"column":68},"end":{"line":65,"column":94}}}},"branchMap":{},"s":{"0":2,"1":2,"2":2,"3":1,"4":1,"5":1,"6":0,"7":2,"8":1,"9":2,"10":0,"11":2,"12":1,"13":2,"14":1},"f":{"0":1,"1":1,"2":1,"3":0,"4":1,"5":0,"6":1,"7":1},"b":{}}
,"/Users/viktoriiachebotar/SashaProjects/online-shop/src/components/Checkout/Checkout.tsx": {"path":"/Users/viktoriiachebotar/SashaProjects/online-shop/src/components/Checkout/Checkout.tsx","statementMap":{"0":{"start":{"line":1,"column":0},"end":{"line":1,"column":31}},"1":{"start":{"line":3,"column":0},"end":{"line":3,"column":31}},"2":{"start":{"line":6,"column":0},"end":{"line":6,"column":42}},"3":{"start":{"line":20,"column":13},"end":{"line":117,"column":2}},"4":{"start":{"line":23,"column":4},"end":{"line":23,"column":8}},"5":{"start":{"line":24,"column":4},"end":{"line":24,"column":9}},"6":{"start":{"line":25,"column":4},"end":{"line":25,"column":12}},"7":{"start":{"line":26,"column":4},"end":{"line":26,"column":14}},"8":{"start":{"line":27,"column":4},"end":{"line":27,"column":18}},"9":{"start":{"line":28,"column":4},"end":{"line":28,"column":18}},"10":{"start":{"line":29,"column":4},"end":{"line":29,"column":25}},"11":{"start":{"line":30,"column":4},"end":{"line":30,"column":25}},"12":{"start":{"line":33,"column":26},"end":{"line":43,"column":3}},"13":{"start":{"line":34,"column":26},"end":{"line":40,"column":20}},"14":{"start":{"line":36,"column":8},"end":{"line":36,"column":46}},"15":{"start":{"line":39,"column":8},"end":{"line":39,"column":43}},"16":{"start":{"line":42,"column":4},"end":{"line":42,"column":29}},"17":{"start":{"line":45,"column":19},"end":{"line":54,"column":3}},"18":{"start":{"line":46,"column":17},"end":{"line":48,"column":null}},"19":{"start":{"line":50,"column":4},"end":{"line":53,"column":null}},"20":{"start":{"line":51,"column":6},"end":{"line":51,"column":30}},"21":{"start":{"line":52,"column":6},"end":{"line":52,"column":37}},"22":{"start":{"line":56,"column":19},"end":{"line":63,"column":3}},"23":{"start":{"line":57,"column":17},"end":{"line":59,"column":null}},"24":{"start":{"line":61,"column":4},"end":{"line":61,"column":28}},"25":{"start":{"line":62,"column":4},"end":{"line":62,"column":35}},"26":{"start":{"line":65,"column":25},"end":{"line":68,"column":3}},"27":{"start":{"line":66,"column":4},"end":{"line":66,"column":21}},"28":{"start":{"line":67,"column":4},"end":{"line":67,"column":47}},"29":{"start":{"line":70,"column":2},"end":{"line":115,"column":4}},"30":{"start":{"line":76,"column":44},"end":{"line":103,"column":16}},"31":{"start":{"line":93,"column":47},"end":{"line":93,"column":77}},"32":{"start":{"line":97,"column":45},"end":{"line":97,"column":75}},"33":{"start":{"line":99,"column":45},"end":{"line":99,"column":83}}},"fnMap":{"0":{"name":"(anonymous_2)","decl":{"start":{"line":20,"column":49},"end":{"line":20,"column":54}},"loc":{"start":{"line":20,"column":54},"end":{"line":117,"column":1}}},"1":{"name":"(anonymous_3)","decl":{"start":{"line":33,"column":26},"end":{"line":33,"column":27}},"loc":{"start":{"line":33,"column":62},"end":{"line":43,"column":3}}},"2":{"name":"(anonymous_4)","decl":{"start":{"line":35,"column":14},"end":{"line":35,"column":15}},"loc":{"start":{"line":35,"column":31},"end":{"line":37,"column":7}}},"3":{"name":"(anonymous_5)","decl":{"start":{"line":38,"column":22},"end":{"line":38,"column":23}},"loc":{"start":{"line":38,"column":44},"end":{"line":40,"column":7}}},"4":{"name":"(anonymous_6)","decl":{"start":{"line":45,"column":19},"end":{"line":45,"column":20}},"loc":{"start":{"line":45,"column":34},"end":{"line":54,"column":3}}},"5":{"name":"(anonymous_7)","decl":{"start":{"line":56,"column":19},"end":{"line":56,"column":20}},"loc":{"start":{"line":56,"column":34},"end":{"line":63,"column":3}}},"6":{"name":"(anonymous_8)","decl":{"start":{"line":65,"column":25},"end":{"line":65,"column":26}},"loc":{"start":{"line":65,"column":40},"end":{"line":68,"column":3}}},"7":{"name":"(anonymous_9)","decl":{"start":{"line":76,"column":24},"end":{"line":76,"column":25}},"loc":{"start":{"line":76,"column":39},"end":{"line":76,"column":null}}},"8":{"name":"(anonymous_10)","decl":{"start":{"line":93,"column":41},"end":{"line":93,"column":47}},"loc":{"start":{"line":93,"column":41},"end":{"line":93,"column":55}}},"9":{"name":"(anonymous_11)","decl":{"start":{"line":97,"column":39},"end":{"line":97,"column":45}},"loc":{"start":{"line":97,"column":39},"end":{"line":97,"column":53}}},"10":{"name":"(anonymous_12)","decl":{"start":{"line":99,"column":39},"end":{"line":99,"column":45}},"loc":{"start":{"line":99,"column":39},"end":{"line":99,"column":59}}}},"branchMap":{"0":{"loc":{"start":{"line":50,"column":4},"end":{"line":53,"column":null}},"type":"if","locations":[{"start":{"line":50,"column":4},"end":{"line":53,"column":null}},{"start":{"line":50,"column":4},"end":{"line":53,"column":null}}]},"1":{"loc":{"start":{"line":74,"column":10},"end":{"line":108,"column":null}},"type":"cond-expr","locations":[{"start":{"line":74,"column":10},"end":{"line":108,"column":null}},{"start":{"line":111,"column":10},"end":{"line":111,"column":71}}]},"2":{"loc":{"start":{"line":73,"column":9},"end":{"line":73,"column":13}},"type":"binary-expr","locations":[{"start":{"line":73,"column":9},"end":{"line":73,"column":13}},{"start":{"line":73,"column":17},"end":{"line":73,"column":32}}]},"3":{"loc":{"start":{"line":85,"column":22},"end":{"line":87,"column":null}},"type":"cond-expr","locations":[{"start":{"line":85,"column":22},"end":{"line":87,"column":null}},{"start":{"line":89,"column":24},"end":{"line":89,"column":28}}]},"4":{"loc":{"start":{"line":92,"column":24},"end":{"line":93,"column":77}},"type":"cond-expr","locations":[{"start":{"line":92,"column":24},"end":{"line":93,"column":77}},{"start":{"line":94,"column":26},"end":{"line":94,"column":30}}]}},"s":{"0":1,"1":1,"2":1,"3":1,"4":0,"5":0,"6":0,"7":0,"8":0,"9":0,"10":0,"11":0,"12":0,"13":0,"14":0,"15":0,"16":0,"17":0,"18":0,"19":0,"20":0,"21":0,"22":0,"23":0,"24":0,"25":0,"26":0,"27":0,"28":0,"29":0,"30":0,"31":0,"32":0,"33":0},"f":{"0":0,"1":0,"2":0,"3":0,"4":0,"5":0,"6":0,"7":0,"8":0,"9":0,"10":0},"b":{"0":[0,0],"1":[0,0],"2":[0,0],"3":[0,0],"4":[0,0]}}
,"/Users/viktoriiachebotar/SashaProjects/online-shop/src/components/Dialog/Dialog.tsx": {"path":"/Users/viktoriiachebotar/SashaProjects/online-shop/src/components/Dialog/Dialog.tsx","statementMap":{"0":{"start":{"line":1,"column":0},"end":{"line":1,"column":31}},"1":{"start":{"line":2,"column":0},"end":{"line":2,"column":40}},"2":{"start":{"line":10,"column":13},"end":{"line":37,"column":2}},"3":{"start":{"line":11,"column":10},"end":{"line":11,"column":17}},"4":{"start":{"line":11,"column":19},"end":{"line":11,"column":31}},"5":{"start":{"line":11,"column":33},"end":{"line":11,"column":41}},"6":{"start":{"line":13,"column":2},"end":{"line":36,"column":null}},"7":{"start":{"line":23,"column":37},"end":{"line":23,"column":null}},"8":{"start":{"line":27,"column":37},"end":{"line":27,"column":null}}},"fnMap":{"0":{"name":"(anonymous_0)","decl":{"start":{"line":10,"column":45},"end":{"line":10,"column":50}},"loc":{"start":{"line":10,"column":50},"end":{"line":37,"column":1}}},"1":{"name":"(anonymous_1)","decl":{"start":{"line":23,"column":31},"end":{"line":23,"column":37}},"loc":{"start":{"line":23,"column":31},"end":{"line":23,"column":49}}},"2":{"name":"(anonymous_2)","decl":{"start":{"line":27,"column":31},"end":{"line":27,"column":37}},"loc":{"start":{"line":27,"column":31},"end":{"line":27,"column":45}}}},"branchMap":{"0":{"loc":{"start":{"line":16,"column":8},"end":{"line":31,"column":null}},"type":"cond-expr","locations":[{"start":{"line":16,"column":8},"end":{"line":31,"column":null}},{"start":{"line":33,"column":10},"end":{"line":33,"column":14}}]}},"s":{"0":1,"1":1,"2":1,"3":5,"4":5,"5":5,"6":5,"7":1,"8":1},"f":{"0":5,"1":1,"2":1},"b":{"0":[4,1]}}
,"/Users/viktoriiachebotar/SashaProjects/online-shop/src/components/Loader/Loader.tsx": {"path":"/Users/viktoriiachebotar/SashaProjects/online-shop/src/components/Loader/Loader.tsx","statementMap":{"0":{"start":{"line":1,"column":0},"end":{"line":1,"column":31}},"1":{"start":{"line":2,"column":0},"end":{"line":2,"column":40}},"2":{"start":{"line":4,"column":13},"end":{"line":10,"column":null}},"3":{"start":{"line":5,"column":2},"end":{"line":9,"column":null}}},"fnMap":{"0":{"name":"(anonymous_0)","decl":{"start":{"line":4,"column":32},"end":{"line":4,"column":null}},"loc":{"start":{"line":4,"column":32},"end":{"line":10,"column":1}}}},"branchMap":{},"s":{"0":1,"1":1,"2":1,"3":2},"f":{"0":2},"b":{}}
,"/Users/viktoriiachebotar/SashaProjects/online-shop/src/components/Nav/Nav.tsx": {"path":"/Users/viktoriiachebotar/SashaProjects/online-shop/src/components/Nav/Nav.tsx","statementMap":{"0":{"start":{"line":1,"column":0},"end":{"line":1,"column":31}},"1":{"start":{"line":2,"column":0},"end":{"line":2,"column":43}},"2":{"start":{"line":3,"column":0},"end":{"line":3,"column":37}},"3":{"start":{"line":10,"column":13},"end":{"line":30,"column":2}},"4":{"start":{"line":11,"column":10},"end":{"line":11,"column":14}},"5":{"start":{"line":13,"column":2},"end":{"line":28,"column":null}}},"fnMap":{"0":{"name":"(anonymous_0)","decl":{"start":{"line":10,"column":46},"end":{"line":10,"column":51}},"loc":{"start":{"line":10,"column":51},"end":{"line":30,"column":1}}}},"branchMap":{"0":{"loc":{"start":{"line":23,"column":39},"end":{"line":23,"column":68}},"type":"cond-expr","locations":[{"start":{"line":23,"column":39},"end":{"line":23,"column":68}},{"start":{"line":23,"column":70},"end":{"line":23,"column":74}}]},"1":{"loc":{"start":{"line":23,"column":17},"end":{"line":23,"column":21}},"type":"binary-expr","locations":[{"start":{"line":23,"column":17},"end":{"line":23,"column":21}},{"start":{"line":23,"column":25},"end":{"line":23,"column":36}}]}},"s":{"0":1,"1":1,"2":1,"3":1,"4":2,"5":2},"f":{"0":2},"b":{"0":[1,1],"1":[2,2]}}
,"/Users/viktoriiachebotar/SashaProjects/online-shop/src/containers/Checkout.tsx": {"path":"/Users/viktoriiachebotar/SashaProjects/online-shop/src/containers/Checkout.tsx","statementMap":{"0":{"start":{"line":1,"column":0},"end":{"line":1,"column":38}},"1":{"start":{"line":4,"column":0},"end":{"line":4,"column":46}},"2":{"start":{"line":6,"column":0},"end":{"line":6,"column":74}},"3":{"start":{"line":9,"column":0},"end":{"line":9,"column":87}},"4":{"start":{"line":10,"column":0},"end":{"line":10,"column":83}},"5":{"start":{"line":12,"column":24},"end":{"line":12,"column":71}},"6":{"start":{"line":12,"column":70},"end":{"line":16,"column":3}},"7":{"start":{"line":18,"column":27},"end":{"line":26,"column":1}},"8":{"start":{"line":19,"column":2},"end":{"line":25,"column":4}},"9":{"start":{"line":20,"column":36},"end":{"line":20,"column":null}},"10":{"start":{"line":21,"column":40},"end":{"line":21,"column":null}},"11":{"start":{"line":22,"column":40},"end":{"line":22,"column":null}},"12":{"start":{"line":23,"column":63},"end":{"line":23,"column":null}},"13":{"start":{"line":24,"column":63},"end":{"line":24,"column":null}},"14":{"start":{"line":28,"column":0},"end":{"line":28,"column":82}}},"fnMap":{"0":{"name":"(anonymous_0)","decl":{"start":{"line":12,"column":24},"end":{"line":12,"column":25}},"loc":{"start":{"line":12,"column":65},"end":{"line":12,"column":71}}},"1":{"name":"(anonymous_1)","decl":{"start":{"line":18,"column":27},"end":{"line":18,"column":28}},"loc":{"start":{"line":18,"column":72},"end":{"line":26,"column":1}}},"2":{"name":"(anonymous_2)","decl":{"start":{"line":20,"column":16},"end":{"line":20,"column":17}},"loc":{"start":{"line":20,"column":31},"end":{"line":20,"column":44}}},"3":{"name":"(anonymous_3)","decl":{"start":{"line":21,"column":20},"end":{"line":21,"column":21}},"loc":{"start":{"line":21,"column":35},"end":{"line":21,"column":48}}},"4":{"name":"(anonymous_4)","decl":{"start":{"line":22,"column":20},"end":{"line":22,"column":21}},"loc":{"start":{"line":22,"column":35},"end":{"line":22,"column":48}}},"5":{"name":"(anonymous_5)","decl":{"start":{"line":23,"column":27},"end":{"line":23,"column":28}},"loc":{"start":{"line":23,"column":58},"end":{"line":23,"column":71}}},"6":{"name":"(anonymous_6)","decl":{"start":{"line":24,"column":27},"end":{"line":24,"column":28}},"loc":{"start":{"line":24,"column":58},"end":{"line":24,"column":71}}}},"branchMap":{},"s":{"0":1,"1":1,"2":1,"3":1,"4":1,"5":1,"6":0,"7":1,"8":0,"9":0,"10":0,"11":0,"12":0,"13":0,"14":1},"f":{"0":0,"1":0,"2":0,"3":0,"4":0,"5":0,"6":0},"b":{}}
,"/Users/viktoriiachebotar/SashaProjects/online-shop/src/reducers/details.ts": {"path":"/Users/viktoriiachebotar/SashaProjects/online-shop/src/reducers/details.ts","statementMap":{"0":{"start":{"line":1,"column":0},"end":{"line":1,"column":51}},"1":{"start":{"line":11,"column":35},"end":{"line":15,"column":null}},"2":{"start":{"line":17,"column":13},"end":{"line":41,"column":null}},"3":{"start":{"line":17,"column":31},"end":{"line":17,"column":53}},"4":{"start":{"line":18,"column":2},"end":{"line":40,"column":null}},"5":{"start":{"line":20,"column":6},"end":{"line":24,"column":null}},"6":{"start":{"line":27,"column":8},"end":{"line":30,"column":null}},"7":{"start":{"line":33,"column":6},"end":{"line":36,"column":null}},"8":{"start":{"line":39,"column":6},"end":{"line":39,"column":19}}},"fnMap":{"0":{"name":"(anonymous_2)","decl":{"start":{"line":17,"column":30},"end":{"line":17,"column":31}},"loc":{"start":{"line":17,"column":75},"end":{"line":41,"column":1}}}},"branchMap":{"0":{"loc":{"start":{"line":17,"column":31},"end":{"line":17,"column":53}},"type":"if","locations":[{"start":{"line":17,"column":31},"end":{"line":17,"column":53}},{"start":{"line":17,"column":31},"end":{"line":17,"column":53}}]},"1":{"loc":{"start":{"line":19,"column":4},"end":{"line":24,"column":null}},"type":"switch","locations":[{"start":{"line":19,"column":4},"end":{"line":24,"column":null}},{"start":{"line":26,"column":4},"end":{"line":30,"column":null}},{"start":{"line":32,"column":4},"end":{"line":36,"column":null}},{"start":{"line":38,"column":4},"end":{"line":39,"column":19}}]},"2":{"loc":{"start":{"line":23,"column":10},"end":{"line":23,"column":36}},"type":"cond-expr","locations":[{"start":{"line":23,"column":10},"end":{"line":23,"column":36}},{"start":{"line":23,"column":39},"end":{"line":23,"column":61}}]}},"s":{"0":1,"1":1,"2":1,"3":5,"4":4,"5":2,"6":1,"7":0,"8":1},"f":{"0":4},"b":{"0":[1,3],"1":[2,1,0,1],"2":[1,1]}}
,"/Users/viktoriiachebotar/SashaProjects/online-shop/src/reducers/products.ts": {"path":"/Users/viktoriiachebotar/SashaProjects/online-shop/src/reducers/products.ts","statementMap":{"0":{"start":{"line":1,"column":0},"end":{"line":1,"column":51}},"1":{"start":{"line":10,"column":36},"end":{"line":13,"column":2}},"2":{"start":{"line":15,"column":26},"end":{"line":56,"column":1}},"3":{"start":{"line":23,"column":26},"end":{"line":25,"column":3}},"4":{"start":{"line":24,"column":4},"end":{"line":24,"column":58}},"5":{"start":{"line":27,"column":26},"end":{"line":34,"column":3}},"6":{"start":{"line":28,"column":4},"end":{"line":33,"column":14}},"7":{"start":{"line":29,"column":6},"end":{"line":31,"column":8}},"8":{"start":{"line":30,"column":8},"end":{"line":30,"column":null}},"9":{"start":{"line":32,"column":6},"end":{"line":32,"column":18}},"10":{"start":{"line":36,"column":2},"end":{"line":55,"column":null}},"11":{"start":{"line":38,"column":6},"end":{"line":53,"column":null}},"12":{"start":{"line":39,"column":8},"end":{"line":47,"column":11}},"13":{"start":{"line":40,"column":10},"end":{"line":45,"column":null}},"14":{"start":{"line":41,"column":12},"end":{"line":43,"column":null}},"15":{"start":{"line":46,"column":10},"end":{"line":46,"column":24}},"16":{"start":{"line":48,"column":8},"end":{"line":51,"column":null}},"17":{"start":{"line":54,"column":6},"end":{"line":54,"column":18}},"18":{"start":{"line":58,"column":13},"end":{"line":87,"column":null}},"19":{"start":{"line":58,"column":32},"end":{"line":58,"column":54}},"20":{"start":{"line":60,"column":2},"end":{"line":86,"column":null}},"21":{"start":{"line":62,"column":6},"end":{"line":65,"column":null}},"22":{"start":{"line":68,"column":6},"end":{"line":70,"column":null}},"23":{"start":{"line":73,"column":6},"end":{"line":73,"column":22}},"24":{"start":{"line":74,"column":6},"end":{"line":76,"column":null}},"25":{"start":{"line":79,"column":6},"end":{"line":79,"column":23}},"26":{"start":{"line":80,"column":6},"end":{"line":82,"column":null}},"27":{"start":{"line":85,"column":6},"end":{"line":85,"column":19}}},"fnMap":{"0":{"name":"(anonymous_2)","decl":{"start":{"line":15,"column":26},"end":{"line":15,"column":null}},"loc":{"start":{"line":18,"column":21},"end":{"line":56,"column":1}}},"1":{"name":"(anonymous_3)","decl":{"start":{"line":23,"column":26},"end":{"line":23,"column":27}},"loc":{"start":{"line":23,"column":75},"end":{"line":25,"column":3}}},"2":{"name":"(anonymous_4)","decl":{"start":{"line":27,"column":26},"end":{"line":27,"column":27}},"loc":{"start":{"line":27,"column":51},"end":{"line":34,"column":3}}},"3":{"name":"(anonymous_5)","decl":{"start":{"line":28,"column":26},"end":{"line":28,"column":27}},"loc":{"start":{"line":28,"column":60},"end":{"line":33,"column":5}}},"4":{"name":"(anonymous_6)","decl":{"start":{"line":37,"column":9},"end":{"line":37,"column":13}},"loc":{"start":{"line":37,"column":13},"end":{"line":55,"column":5}}},"5":{"name":"(anonymous_7)","decl":{"start":{"line":39,"column":42},"end":{"line":39,"column":48}},"loc":{"start":{"line":39,"column":48},"end":{"line":47,"column":9}}},"6":{"name":"(anonymous_8)","decl":{"start":{"line":58,"column":31},"end":{"line":58,"column":32}},"loc":{"start":{"line":58,"column":76},"end":{"line":87,"column":1}}}},"branchMap":{"0":{"loc":{"start":{"line":24,"column":23},"end":{"line":24,"column":37}},"type":"cond-expr","locations":[{"start":{"line":24,"column":23},"end":{"line":24,"column":37}},{"start":{"line":24,"column":42},"end":{"line":24,"column":56}}]},"1":{"loc":{"start":{"line":29,"column":6},"end":{"line":31,"column":8}},"type":"if","locations":[{"start":{"line":29,"column":6},"end":{"line":31,"column":8}},{"start":{"line":29,"column":6},"end":{"line":31,"column":8}}]},"2":{"loc":{"start":{"line":38,"column":6},"end":{"line":53,"column":null}},"type":"if","locations":[{"start":{"line":38,"column":6},"end":{"line":53,"column":null}},{"start":{"line":38,"column":6},"end":{"line":53,"column":null}}]},"3":{"loc":{"start":{"line":40,"column":10},"end":{"line":45,"column":null}},"type":"if","locations":[{"start":{"line":40,"column":10},"end":{"line":45,"column":null}},{"start":{"line":40,"column":10},"end":{"line":45,"column":null}}]},"4":{"loc":{"start":{"line":58,"column":32},"end":{"line":58,"column":54}},"type":"if","locations":[{"start":{"line":58,"column":32},"end":{"line":58,"column":54}},{"start":{"line":58,"column":32},"end":{"line":58,"column":54}}]},"5":{"loc":{"start":{"line":61,"column":4},"end":{"line":65,"column":null}},"type":"switch","locations":[{"start":{"line":61,"column":4},"end":{"line":65,"column":null}},{"start":{"line":67,"column":4},"end":{"line":70,"column":null}},{"start":{"line":72,"column":4},"end":{"line":76,"column":null}},{"start":{"line":78,"column":4},"end":{"line":82,"column":null}},{"start":{"line":84,"column":4},"end":{"line":85,"column":19}}]}},"s":{"0":1,"1":1,"2":1,"3":2,"4":2,"5":2,"6":2,"7":4,"8":4,"9":0,"10":2,"11":4,"12":2,"13":4,"14":2,"15":2,"16":2,"17":2,"18":1,"19":6,"20":5,"21":1,"22":1,"23":1,"24":1,"25":1,"26":1,"27":1},"f":{"0":2,"1":2,"2":2,"3":4,"4":4,"5":4,"6":5},"b":{"0":[1,1],"1":[4,0],"2":[2,2],"3":[2,2],"4":[1,4],"5":[1,1,1,1,1]}}
,"/Users/viktoriiachebotar/SashaProjects/online-shop/src/utils/_DATA.ts": {"path":"/Users/viktoriiachebotar/SashaProjects/online-shop/src/utils/_DATA.ts","statementMap":{"0":{"start":{"line":4,"column":2},"end":{"line":6,"column":5}},"1":{"start":{"line":5,"column":4},"end":{"line":5,"column":42}},"2":{"start":{"line":5,"column":21},"end":{"line":5,"column":36}},"3":{"start":{"line":3,"column":0},"end":{"line":3,"column":16}},"4":{"start":{"line":10,"column":18},"end":{"line":10,"column":66}},"5":{"start":{"line":10,"column":45},"end":{"line":10,"column":63}},"6":{"start":{"line":11,"column":2},"end":{"line":18,"column":5}},"7":{"start":{"line":12,"column":4},"end":{"line":17,"column":null}},"8":{"start":{"line":13,"column":6},"end":{"line":13,"column":43}},"9":{"start":{"line":13,"column":23},"end":{"line":13,"column":37}},"10":{"start":{"line":15,"column":20},"end":{"line":15,"column":61}},"11":{"start":{"line":16,"column":6},"end":{"line":16,"column":41}},"12":{"start":{"line":16,"column":23},"end":{"line":16,"column":35}},"13":{"start":{"line":9,"column":0},"end":{"line":9,"column":16}},"14":{"start":{"line":21,"column":13},"end":{"line":220,"column":2}}},"fnMap":{"0":{"name":"_getProducts","decl":{"start":{"line":3,"column":16},"end":{"line":3,"column":28}},"loc":{"start":{"line":3,"column":28},"end":{"line":7,"column":1}}},"1":{"name":"(anonymous_1)","decl":{"start":{"line":4,"column":21},"end":{"line":4,"column":22}},"loc":{"start":{"line":4,"column":30},"end":{"line":6,"column":3}}},"2":{"name":"(anonymous_2)","decl":{"start":{"line":5,"column":15},"end":{"line":5,"column":21}},"loc":{"start":{"line":5,"column":15},"end":{"line":5,"column":24}}},"3":{"name":"_getProductById","decl":{"start":{"line":9,"column":16},"end":{"line":9,"column":31}},"loc":{"start":{"line":9,"column":42},"end":{"line":19,"column":1}}},"4":{"name":"(anonymous_4)","decl":{"start":{"line":10,"column":34},"end":{"line":10,"column":41}},"loc":{"start":{"line":10,"column":41},"end":{"line":10,"column":52}}},"5":{"name":"(anonymous_5)","decl":{"start":{"line":11,"column":21},"end":{"line":11,"column":22}},"loc":{"start":{"line":11,"column":30},"end":{"line":18,"column":3}}},"6":{"name":"(anonymous_6)","decl":{"start":{"line":13,"column":17},"end":{"line":13,"column":23}},"loc":{"start":{"line":13,"column":17},"end":{"line":13,"column":26}}},"7":{"name":"(anonymous_7)","decl":{"start":{"line":16,"column":17},"end":{"line":16,"column":23}},"loc":{"start":{"line":16,"column":17},"end":{"line":16,"column":26}}}},"branchMap":{"0":{"loc":{"start":{"line":12,"column":4},"end":{"line":17,"column":null}},"type":"if","locations":[{"start":{"line":12,"column":4},"end":{"line":17,"column":null}},{"start":{"line":12,"column":4},"end":{"line":17,"column":null}}]}},"s":{"0":1,"1":1,"2":1,"3":3,"4":2,"5":20,"6":2,"7":2,"8":1,"9":1,"10":1,"11":1,"12":1,"13":3,"14":3},"f":{"0":1,"1":1,"2":1,"3":2,"4":20,"5":2,"6":1,"7":1},"b":{"0":[1,1]}}
,"/Users/viktoriiachebotar/SashaProjects/online-shop/src/utils/api.ts": {"path":"/Users/viktoriiachebotar/SashaProjects/online-shop/src/utils/api.ts","statementMap":{"0":{"start":{"line":1,"column":0},"end":{"line":1,"column":56}},"1":{"start":{"line":5,"column":2},"end":{"line":5,"column":24}},"2":{"start":{"line":9,"column":2},"end":{"line":9,"column":29}},"3":{"start":{"line":12,"column":13},"end":{"line":15,"column":2}}},"fnMap":{"0":{"name":"getProducts","decl":{"start":{"line":4,"column":9},"end":{"line":4,"column":20}},"loc":{"start":{"line":4,"column":20},"end":{"line":6,"column":1}}},"1":{"name":"getProductById","decl":{"start":{"line":8,"column":9},"end":{"line":8,"column":23}},"loc":{"start":{"line":8,"column":34},"end":{"line":10,"column":1}}}},"branchMap":{},"s":{"0":3,"1":1,"2":2,"3":3},"f":{"0":1,"1":2},"b":{}}
}
