TN:
SF:/Users/viktoriiachebotar/SashaProjects/online-shop/src/actions/cart.ts
FN:24,(anonymous_0)
FN:29,(anonymous_1)
FN:34,(anonymous_2)
FN:39,(anonymous_3)
FNF:4
FNH:4
FNDA:1,(anonymous_0)
FNDA:1,(anonymous_1)
FNDA:1,(anonymous_2)
FNDA:1,(anonymous_3)
DA:1,2
DA:24,2
DA:29,2
DA:34,2
DA:39,2
LF:5
LH:5
BRF:0
BRH:0
end_of_record
TN:
SF:/Users/viktoriiachebotar/SashaProjects/online-shop/src/actions/constants.ts
FN:1,(anonymous_0)
FNF:1
FNH:1
FNDA:6,(anonymous_0)
DA:1,6
DA:3,6
DA:4,6
DA:5,6
DA:6,6
DA:8,6
DA:9,6
DA:10,6
DA:11,6
DA:13,6
DA:14,6
DA:15,6
DA:16,6
DA:18,6
DA:19,6
LF:15
LH:15
BRDA:1,0,0,6
BRDA:1,0,1,6
BRF:2
BRH:2
end_of_record
TN:
SF:/Users/viktoriiachebotar/SashaProjects/online-shop/src/actions/details.ts
FN:34,(anonymous_0)
FN:35,(anonymous_1)
FN:37,(anonymous_2)
FN:38,(anonymous_3)
FN:42,(anonymous_4)
FN:45,(anonymous_5)
FN:51,(anonymous_6)
FN:59,(anonymous_7)
FNF:8
FNH:8
FNDA:2,(anonymous_0)
FNDA:2,(anonymous_1)
FNDA:1,(anonymous_2)
FNDA:1,(anonymous_3)
FNDA:1,(anonymous_4)
FNDA:10,(anonymous_5)
FNDA:1,(anonymous_6)
FNDA:1,(anonymous_7)
DA:1,1
DA:4,1
DA:34,1
DA:35,2
DA:36,2
DA:37,1
DA:38,1
DA:42,1
DA:45,10
DA:51,1
DA:59,1
LF:11
LH:11
BRF:0
BRH:0
end_of_record
TN:
SF:/Users/viktoriiachebotar/SashaProjects/online-shop/src/actions/products.ts
FN:33,(anonymous_0)
FN:34,(anonymous_1)
FN:36,(anonymous_2)
FN:37,(anonymous_3)
FN:41,(anonymous_4)
FN:49,(anonymous_5)
FN:57,(anonymous_6)
FN:65,(anonymous_7)
FNF:8
FNH:6
FNDA:1,(anonymous_0)
FNDA:1,(anonymous_1)
FNDA:1,(anonymous_2)
FNDA:0,(anonymous_3)
FNDA:1,(anonymous_4)
FNDA:0,(anonymous_5)
FNDA:1,(anonymous_6)
FNDA:1,(anonymous_7)
DA:3,2
DA:5,2
DA:33,2
DA:34,1
DA:35,1
DA:36,1
DA:37,0
DA:41,2
DA:49,2
DA:57,2
DA:65,2
LF:11
LH:10
BRF:0
BRH:0
end_of_record
TN:
SF:/Users/viktoriiachebotar/SashaProjects/online-shop/src/components/Checkout/Checkout.tsx
FN:20,(anonymous_2)
FN:33,(anonymous_3)
FN:35,(anonymous_4)
FN:38,(anonymous_5)
FN:45,(anonymous_6)
FN:56,(anonymous_7)
FN:65,(anonymous_8)
FN:76,(anonymous_9)
FN:93,(anonymous_10)
FN:97,(anonymous_11)
FN:99,(anonymous_12)
FNF:11
FNH:0
FNDA:0,(anonymous_2)
FNDA:0,(anonymous_3)
FNDA:0,(anonymous_4)
FNDA:0,(anonymous_5)
FNDA:0,(anonymous_6)
FNDA:0,(anonymous_7)
FNDA:0,(anonymous_8)
FNDA:0,(anonymous_9)
FNDA:0,(anonymous_10)
FNDA:0,(anonymous_11)
FNDA:0,(anonymous_12)
DA:1,1
DA:3,1
DA:6,1
DA:20,1
DA:23,0
DA:24,0
DA:25,0
DA:26,0
DA:27,0
DA:28,0
DA:29,0
DA:30,0
DA:33,0
DA:34,0
DA:36,0
DA:39,0
DA:42,0
DA:45,0
DA:46,0
DA:50,0
DA:51,0
DA:52,0
DA:56,0
DA:57,0
DA:61,0
DA:62,0
DA:65,0
DA:66,0
DA:67,0
DA:70,0
DA:76,0
DA:93,0
DA:97,0
DA:99,0
LF:34
LH:4
BRDA:50,0,0,0
BRDA:50,0,1,0
BRDA:74,1,0,0
BRDA:74,1,1,0
BRDA:73,2,0,0
BRDA:73,2,1,0
BRDA:85,3,0,0
BRDA:85,3,1,0
BRDA:92,4,0,0
BRDA:92,4,1,0
BRF:10
BRH:0
end_of_record
TN:
SF:/Users/viktoriiachebotar/SashaProjects/online-shop/src/components/Dialog/Dialog.tsx
FN:10,(anonymous_0)
FN:23,(anonymous_1)
FN:27,(anonymous_2)
FNF:3
FNH:3
FNDA:5,(anonymous_0)
FNDA:1,(anonymous_1)
FNDA:1,(anonymous_2)
DA:1,1
DA:2,1
DA:10,1
DA:11,5
DA:13,5
DA:23,1
DA:27,1
LF:7
LH:7
BRDA:16,0,0,4
BRDA:16,0,1,1
BRF:2
BRH:2
end_of_record
TN:
SF:/Users/viktoriiachebotar/SashaProjects/online-shop/src/components/Loader/Loader.tsx
FN:4,(anonymous_0)
FNF:1
FNH:1
FNDA:2,(anonymous_0)
DA:1,1
DA:2,1
DA:4,1
DA:5,2
LF:4
LH:4
BRF:0
BRH:0
end_of_record
TN:
SF:/Users/viktoriiachebotar/SashaProjects/online-shop/src/components/Nav/Nav.tsx
FN:10,(anonymous_0)
FNF:1
FNH:1
FNDA:2,(anonymous_0)
DA:1,1
DA:2,1
DA:3,1
DA:10,1
DA:11,2
DA:13,2
LF:6
LH:6
BRDA:23,0,0,1
BRDA:23,0,1,1
BRDA:23,1,0,2
BRDA:23,1,1,2
BRF:4
BRH:4
end_of_record
TN:
SF:/Users/viktoriiachebotar/SashaProjects/online-shop/src/containers/Checkout.tsx
FN:12,(anonymous_0)
FN:18,(anonymous_1)
FN:20,(anonymous_2)
FN:21,(anonymous_3)
FN:22,(anonymous_4)
FN:23,(anonymous_5)
FN:24,(anonymous_6)
FNF:7
FNH:0
FNDA:0,(anonymous_0)
FNDA:0,(anonymous_1)
FNDA:0,(anonymous_2)
FNDA:0,(anonymous_3)
FNDA:0,(anonymous_4)
FNDA:0,(anonymous_5)
FNDA:0,(anonymous_6)
DA:1,1
DA:4,1
DA:6,1
DA:9,1
DA:10,1
DA:12,1
DA:18,1
DA:19,0
DA:20,0
DA:21,0
DA:22,0
DA:23,0
DA:24,0
DA:28,1
LF:14
LH:8
BRF:0
BRH:0
end_of_record
TN:
SF:/Users/viktoriiachebotar/SashaProjects/online-shop/src/reducers/details.ts
FN:17,(anonymous_2)
FNF:1
FNH:1
FNDA:4,(anonymous_2)
DA:1,1
DA:11,1
DA:17,5
DA:18,4
DA:20,2
DA:27,1
DA:33,0
DA:39,1
LF:8
LH:7
BRDA:17,0,0,1
BRDA:17,0,1,3
BRDA:19,1,0,2
BRDA:19,1,1,1
BRDA:19,1,2,0
BRDA:19,1,3,1
BRDA:23,2,0,1
BRDA:23,2,1,1
BRF:8
BRH:7
end_of_record
TN:
SF:/Users/viktoriiachebotar/SashaProjects/online-shop/src/reducers/products.ts
FN:15,(anonymous_2)
FN:23,(anonymous_3)
FN:27,(anonymous_4)
FN:28,(anonymous_5)
FN:37,(anonymous_6)
FN:39,(anonymous_7)
FN:58,(anonymous_8)
FNF:7
FNH:7
FNDA:2,(anonymous_2)
FNDA:2,(anonymous_3)
FNDA:2,(anonymous_4)
FNDA:4,(anonymous_5)
FNDA:4,(anonymous_6)
FNDA:4,(anonymous_7)
FNDA:5,(anonymous_8)
DA:1,1
DA:10,1
DA:15,1
DA:23,2
DA:24,2
DA:27,2
DA:28,2
DA:29,4
DA:30,4
DA:32,0
DA:36,2
DA:38,4
DA:39,2
DA:40,4
DA:41,2
DA:46,2
DA:48,2
DA:54,2
DA:58,6
DA:60,5
DA:62,1
DA:68,1
DA:73,1
DA:74,1
DA:79,1
DA:80,1
DA:85,1
LF:27
LH:26
BRDA:24,0,0,1
BRDA:24,0,1,1
BRDA:29,1,0,4
BRDA:29,1,1,0
BRDA:38,2,0,2
BRDA:38,2,1,2
BRDA:40,3,0,2
BRDA:40,3,1,2
BRDA:58,4,0,1
BRDA:58,4,1,4
BRDA:61,5,0,1
BRDA:61,5,1,1
BRDA:61,5,2,1
BRDA:61,5,3,1
BRDA:61,5,4,1
BRF:15
BRH:14
end_of_record
TN:
SF:/Users/viktoriiachebotar/SashaProjects/online-shop/src/utils/_DATA.ts
FN:3,_getProducts
FN:4,(anonymous_1)
FN:5,(anonymous_2)
FN:9,_getProductById
FN:10,(anonymous_4)
FN:11,(anonymous_5)
FN:13,(anonymous_6)
FN:16,(anonymous_7)
FNF:8
FNH:8
FNDA:1,_getProducts
FNDA:1,(anonymous_1)
FNDA:1,(anonymous_2)
FNDA:2,_getProductById
FNDA:20,(anonymous_4)
FNDA:2,(anonymous_5)
FNDA:1,(anonymous_6)
FNDA:1,(anonymous_7)
DA:3,3
DA:4,1
DA:5,1
DA:9,3
DA:10,20
DA:11,2
DA:12,2
DA:13,1
DA:15,1
DA:16,1
DA:21,3
LF:11
LH:11
BRDA:12,0,0,1
BRDA:12,0,1,1
BRF:2
BRH:2
end_of_record
TN:
SF:/Users/viktoriiachebotar/SashaProjects/online-shop/src/utils/api.ts
FN:4,getProducts
FN:8,getProductById
FNF:2
FNH:2
FNDA:1,getProducts
FNDA:2,getProductById
DA:1,3
DA:5,1
DA:9,2
DA:12,3
LF:4
LH:4
BRF:0
BRH:0
end_of_record
